time="2025-06-05T08:35:36-03:00" level=warning msg="/home/fernando/Desktop/Developer/cesar/projetos/periodo_3/projetos/Projeto-BRASFI/docker-compose.yml: the attribute `version` is obsolete, it will be ignored, please remove it to avoid potential confusion"
Compose can now delegate builds to bake for better performance.
 To do so, set COMPOSE_BAKE=true.
#0 building with "default" instance using docker driver

#1 [backend internal] load build definition from Dockerfile
#1 transferring dockerfile: 288B done
#1 DONE 0.0s

#2 [frontend internal] load build definition from Dockerfile
#2 transferring dockerfile: 179B done
#2 DONE 0.0s

#3 [frontend internal] load metadata for docker.io/library/node:18-alpine
#3 ...

#4 [backend internal] load metadata for docker.io/library/maven:3.8.4-openjdk-17-slim
#4 DONE 1.6s

#5 [backend internal] load metadata for docker.io/library/openjdk:17-slim
#5 DONE 1.6s

#6 [backend internal] load .dockerignore
#6 transferring context: 2B done
#6 DONE 0.0s

#7 [backend build 1/5] FROM docker.io/library/maven:3.8.4-openjdk-17-slim@sha256:150deb7b386bad685dcf0c781b9b9023a25896087b637c069a50c8019cab86f8
#7 DONE 0.0s

#8 [backend stage-1 1/3] FROM docker.io/library/openjdk:17-slim@sha256:aaa3b3cb27e3e520b8f116863d0580c438ed55ecfa0bc126b41f68c3f62f9774
#8 DONE 0.0s

#9 [backend internal] load build context
#9 transferring context: 10.49kB 0.0s done
#9 DONE 0.0s

#10 [backend build 3/5] COPY pom.xml .
#10 CACHED

#11 [backend build 2/5] WORKDIR /app
#11 CACHED

#12 [backend build 5/5] RUN mvn clean package -DskipTests
#12 CACHED

#13 [backend stage-1 2/3] WORKDIR /app
#13 CACHED

#14 [backend build 4/5] COPY src ./src
#14 CACHED

#15 [backend stage-1 3/3] COPY --from=build /app/target/*.jar app.jar
#15 CACHED

#16 [backend] exporting to image
#16 exporting layers done
#16 writing image sha256:761d6d88d875ea2814ec99259d4221f940f0433a36c189f955de2a7b83c8a247 done
#16 naming to docker.io/library/projeto-brasfi-backend
#16 naming to docker.io/library/projeto-brasfi-backend done
#16 DONE 0.0s

#17 [backend] resolving provenance for metadata file
#17 DONE 0.0s

#3 [frontend internal] load metadata for docker.io/library/node:18-alpine
#3 DONE 2.3s

#18 [frontend internal] load .dockerignore
#18 transferring context: 2B done
#18 DONE 0.0s

#19 [frontend 1/5] FROM docker.io/library/node:18-alpine@sha256:8d6421d663b4c28fd3ebc498332f249011d118945588d0a35cb9bc4b8ca09d9e
#19 DONE 0.0s

#20 [frontend internal] load build context
#20 transferring context: 646.54kB 0.5s done
#20 DONE 0.5s

#21 [frontend 2/5] WORKDIR /app
#21 CACHED

#22 [frontend 3/5] COPY package*.json ./
#22 CACHED

#23 [frontend 4/5] RUN npm install
#23 CACHED

#24 [frontend 5/5] COPY . .
#24 DONE 7.8s

#25 [frontend] exporting to image
#25 exporting layers
#25 exporting layers 0.8s done
#25 writing image sha256:f0e2254c4088036d2d6ea0255edacb0f25a7206f649aa92c858bcf7f5e43e155 done
#25 naming to docker.io/library/projeto-brasfi-frontend done
#25 DONE 0.8s

#26 [frontend] resolving provenance for metadata file
#26 DONE 0.0s
 backend  Built
 frontend  Built
 Network projeto-brasfi_app-network  Creating
 Network projeto-brasfi_app-network  Created
 Container projeto-brasfi-db-1  Creating
 Container projeto-brasfi-frontend-1  Creating
 Container projeto-brasfi-db-1  Created
 Container projeto-brasfi-backend-1  Creating
 Container projeto-brasfi-backend-1  Created
 Container projeto-brasfi-frontend-1  Created
 Container projeto-brasfi-nginx-1  Creating
 Container projeto-brasfi-nginx-1  Created
 Container projeto-brasfi-db-1  Starting
 Container projeto-brasfi-frontend-1  Starting
 Container projeto-brasfi-frontend-1  Started
 Container projeto-brasfi-frontend-1  Waiting
 Container projeto-brasfi-db-1  Started
 Container projeto-brasfi-db-1  Waiting
 Container projeto-brasfi-frontend-1  Healthy
 Container projeto-brasfi-nginx-1  Starting
 Container projeto-brasfi-db-1  Healthy
 Container projeto-brasfi-backend-1  Starting
 Container projeto-brasfi-nginx-1  Started
 Container projeto-brasfi-backend-1  Started
